2025-05-25T09:43:49 | touched: .env.example
2025-04-17T05:31:48 | touched: scripts/deploy.js
2025-04-10T01:55:00 | touched: LICENSE
2025-09-25T23:34:43 | touched: test/Scikitpipeline.test.js
2025-03-21T04:43:10 | touched: scripts/deploy.js
2025-07-30T17:46:44 | touched: README.md
2025-12-18T11:56:26 | touched: hardhat.config.js
2025-04-14T14:15:39 | touched: hardhat.config.js
2025-07-06T16:34:42 | touched: hardhat.config.js
2025-01-09T21:45:22 | touched: test/Scikitpipeline.test.js
2025-03-14T03:23:59 | touched: README.md
2025-01-11T05:16:54 | touched: scripts/deploy.js
2025-03-18T22:32:36 | touched: package.json
2025-02-18T04:21:18 | touched: hardhat.config.js
2025-12-17T14:01:46 | touched: hardhat.config.js
2025-10-24T18:58:21 | touched: .env.example
2025-05-26T00:02:04 | touched: package.json
2025-04-22T23:41:39 | touched: scripts/deploy.js
2025-07-16T22:31:28 | touched: README.md
2025-10-02T07:03:49 | touched: hardhat.config.js
2025-06-28T18:57:28 | touched: contracts/Scikitpipeline.sol
2025-04-29T01:07:26 | touched: hardhat.config.js
2025-02-06T11:39:15 | touched: LICENSE
2025-05-27T01:06:34 | touched: package.json
2025-11-14T13:23:04 | touched: .env.example
2025-12-17T21:12:47 | touched: LICENSE
2025-09-06T01:59:03 | touched: contracts/Scikitpipeline.sol
2025-05-08T16:04:48 | touched: .env.example
2025-07-02T14:42:05 | touched: test/Scikitpipeline.test.js
2025-06-10T20:52:23 | touched: test/Scikitpipeline.test.js
2025-01-27T02:58:20 | touched: package.json
